Start testing: Dec 25 07:54 UTC
----------------------------------------------------------
1/3 Testing: test_build_smoke
1/3 Test: test_build_smoke
Command: "/home/oysyn/Date_Index/anti-plagiarism/Back_L5/build/test_build_smoke"
Directory: /home/oysyn/Date_Index/anti-plagiarism/Back_L5/build
"test_build_smoke" start time: Dec 25 07:54 UTC
Output:
----------------------------------------------------------
OK
<end of output>
Test time =   0.01 sec
----------------------------------------------------------
Test Passed.
"test_build_smoke" end time: Dec 25 07:54 UTC
"test_build_smoke" time elapsed: 00:00:00
----------------------------------------------------------

2/3 Testing: test_validate
2/3 Test: test_validate
Command: "/home/oysyn/Date_Index/anti-plagiarism/Back_L5/build/test_validate"
Directory: /home/oysyn/Date_Index/anti-plagiarism/Back_L5/build
"test_validate" start time: Dec 25 07:54 UTC
Output:
----------------------------------------------------------
<end of output>
Test time =   0.01 sec
----------------------------------------------------------
Test Passed.
"test_validate" end time: Dec 25 07:54 UTC
"test_validate" time elapsed: 00:00:00
----------------------------------------------------------

3/3 Testing: test_search_smoke
3/3 Test: test_search_smoke
Command: "/home/oysyn/Date_Index/anti-plagiarism/Back_L5/build/test_search_smoke"
Directory: /home/oysyn/Date_Index/anti-plagiarism/Back_L5/build
"test_search_smoke" start time: Dec 25 07:54 UTC
Output:
----------------------------------------------------------
FAIL: no matches for query: это простой тестовый документ для шингловой системы и поиска
<end of output>
Test time =   0.01 sec
----------------------------------------------------------
Test Failed.
"test_search_smoke" end time: Dec 25 07:54 UTC
"test_search_smoke" time elapsed: 00:00:00
----------------------------------------------------------

End testing: Dec 25 07:54 UTC
